[2019-05-15 01:36:59] local.ERROR: Maximum execution time of 30 seconds exceeded {"exception":"[object] (Symfony\\Component\\Debug\\Exception\\FatalErrorException(code: 1): Maximum execution time of 30 seconds exceeded at D:\\xampp\\htdocs\\invalidedconvapi\\vendor\
esbot\\carbon\\src\\Carbon\\Carbon.php:491)
[stacktrace]
#0 {main}
"} 
[2019-05-15 01:38:09] local.ERROR: Maximum execution time of 30 seconds exceeded {"exception":"[object] (Symfony\\Component\\Debug\\Exception\\FatalErrorException(code: 1): Maximum execution time of 30 seconds exceeded at D:\\xampp\\htdocs\\invalidedconvapi\\vendor\\laravel\\framework\\src\\Illuminate\\Foundation\\Validation\\ValidatesRequests.php:9)
[stacktrace]
#0 {main}
"} 
[2019-05-15 01:53:49] local.ERROR: Maximum execution time of 30 seconds exceeded {"exception":"[object] (Symfony\\Component\\Debug\\Exception\\FatalErrorException(code: 1): Maximum execution time of 30 seconds exceeded at D:\\xampp\\htdocs\\invalidedconvapi\\vendor\\laravel\\framework\\src\\Illuminate\\Foundation\\Bus\\DispatchesJobs.php:7)
[stacktrace]
#0 {main}
"} 
[2019-05-15 17:50:25] local.ERROR: Maximum execution time of 30 seconds exceeded {"exception":"[object] (Symfony\\Component\\Debug\\Exception\\FatalErrorException(code: 1): Maximum execution time of 30 seconds exceeded at D:\\xampp\\htdocs\\invalidedconvapi\\vendor\\beyondcode\\laravel-dump-server\\src\\RequestContextProvider.php:9)
[stacktrace]
#0 {main}
"} 
[2019-05-15 17:51:09] local.ERROR: Maximum execution time of 30 seconds exceeded {"exception":"[object] (Symfony\\Component\\Debug\\Exception\\FatalErrorException(code: 1): Maximum execution time of 30 seconds exceeded at D:\\xampp\\htdocs\\invalidedconvapi\\vendor\\laravel\\framework\\src\\Illuminate\\Hashing\\HashManager.php:8)
[stacktrace]
#0 {main}
"} 
[2019-05-15 18:02:38] local.ERROR: Maximum execution time of 30 seconds exceeded {"exception":"[object] (Symfony\\Component\\Debug\\Exception\\FatalErrorException(code: 1): Maximum execution time of 30 seconds exceeded at D:\\xampp\\htdocs\\invalidedconvapi\\vendor\\laravel\\framework\\src\\Illuminate\\Filesystem\\Filesystem.php:389)
[stacktrace]
#0 {main}
"} 
