[2019-04-13 15:16:40] local.ERROR: Maximum execution time of 30 seconds exceeded {"exception":"[object] (Symfony\\Component\\Debug\\Exception\\FatalErrorException(code: 1): Maximum execution time of 30 seconds exceeded at D:\\xampp\\htdocs\\invalidedconvapi\\vendor\\laravel\\framework\\src\\Illuminate\\Pagination\\PaginationServiceProvider.php:7)
[stacktrace]
#0 {main}
"} 
[2019-04-13 15:18:01] local.ERROR: Maximum execution time of 30 seconds exceeded {"exception":"[object] (Symfony\\Component\\Debug\\Exception\\FatalErrorException(code: 1): Maximum execution time of 30 seconds exceeded at D:\\xampp\\htdocs\\invalidedconvapi\\vendor\\symfony\outing\\Route.php:20)
[stacktrace]
#0 {main}
"} 
[2019-04-13 15:29:11] local.ERROR: Maximum execution time of 30 seconds exceeded {"exception":"[object] (Symfony\\Component\\Debug\\Exception\\FatalErrorException(code: 1): Maximum execution time of 30 seconds exceeded at D:\\xampp\\htdocs\\invalidedconvapi\\vendor\\laravel\\framework\\src\\Illuminate\\Contracts\\Translation\\Loader.php:5)
[stacktrace]
#0 {main}
"} 
[2019-04-13 15:54:59] local.ERROR: Maximum execution time of 30 seconds exceeded {"exception":"[object] (Symfony\\Component\\Debug\\Exception\\FatalErrorException(code: 1): Maximum execution time of 30 seconds exceeded at D:\\xampp\\htdocs\\invalidedconvapi\\app\\Providers\\EventServiceProvider.php:10)
[stacktrace]
#0 {main}
"} 
[2019-04-13 15:58:39] local.ERROR: Maximum execution time of 30 seconds exceeded {"exception":"[object] (Symfony\\Component\\Debug\\Exception\\FatalErrorException(code: 1): Maximum execution time of 30 seconds exceeded at D:\\xampp\\htdocs\\invalidedconvapi\\vendor\\laravel\\framework\\src\\Illuminate\\Translation\\FileLoader.php:9)
[stacktrace]
#0 {main}
"} 
