[2019-05-10 11:12:44] local.ERROR: Maximum execution time of 30 seconds exceeded {"exception":"[object] (Symfony\\Component\\Debug\\Exception\\FatalErrorException(code: 1): Maximum execution time of 30 seconds exceeded at D:\\xampp\\htdocs\\invalidedconvapi\\vendor\\laravel\\framework\\src\\Illuminate\\Database\\Eloquent\\Model.php:20)
[stacktrace]
#0 {main}
"} 
[2019-05-10 11:13:20] local.ERROR: Maximum execution time of 30 seconds exceeded {"exception":"[object] (Symfony\\Component\\Debug\\Exception\\FatalErrorException(code: 1): Maximum execution time of 30 seconds exceeded at D:\\xampp\\htdocs\\invalidedconvapi\\vendor\\laravel\\framework\\src\\Illuminate\\Foundation\\Auth\\Access\\AuthorizesRequests.php:8)
[stacktrace]
#0 {main}
"} 
[2019-05-10 11:13:32] local.ERROR: Maximum execution time of 30 seconds exceeded {"exception":"[object] (Symfony\\Component\\Debug\\Exception\\FatalErrorException(code: 1): Maximum execution time of 30 seconds exceeded at D:\\xampp\\htdocs\\invalidedconvapi\\vendor\\laravel\\framework\\src\\Illuminate\\Database\\Connection.php:332)
[stacktrace]
#0 {main}
"} 
[2019-05-10 14:48:19] local.ERROR: Maximum execution time of 30 seconds exceeded {"exception":"[object] (Symfony\\Component\\Debug\\Exception\\FatalErrorException(code: 1): Maximum execution time of 30 seconds exceeded at D:\\xampp\\htdocs\\invalidedconvapi\\vendor\
esbot\\carbon\\src\\Carbon\\CarbonInterface.php:496)
[stacktrace]
#0 {main}
"} 
[2019-05-10 15:02:10] local.ERROR: Maximum execution time of 30 seconds exceeded {"exception":"[object] (Symfony\\Component\\Debug\\Exception\\FatalErrorException(code: 1): Maximum execution time of 30 seconds exceeded at D:\\xampp\\htdocs\\invalidedconvapi\\vendor\\laravel\\framework\\src\\Illuminate\\Cache\\RateLimiter.php:8)
[stacktrace]
#0 {main}
"} 
